# JRE version: OpenJDK Runtime Environment (8.0_242-b01) (build 1.8.0_242-release-1644-b01)
# Java VM: OpenJDK 64-Bit Server VM (25.242-b01 mixed mode windows-amd64 compressed oops)
Heap:
 PSYoungGen      total 120832K, used 105989K [0x00000000e0000000, 0x00000000e9900000, 0x0000000100000000)
  eden space 104448K, 85% used [0x00000000e0000000,0x00000000e57835e0,0x00000000e6600000)
  from space 16384K, 99% used [0x00000000e6600000,0x00000000e75fde38,0x00000000e7600000)
  to   space 19968K, 0% used [0x00000000e8580000,0x00000000e8580000,0x00000000e9900000)
 ParOldGen       total 83456K, used 38425K [0x00000000a0000000, 0x00000000a5180000, 0x00000000e0000000)
  object space 83456K, 46% used [0x00000000a0000000,0x00000000a25867a0,0x00000000a5180000)
 Metaspace       used 78752K, capacity 82034K, committed 82176K, reserved 1120256K
  class space    used 10523K, capacity 11177K, committed 11264K, reserved 1048576K
GC Heap History (10 events):
Event: 54.589 GC heap before
{Heap before GC invocations=18 (full 2):
 PSYoungGen      total 95744K, used 82047K [0x00000000e0000000, 0x00000000e7a00000, 0x0000000100000000)
  eden space 84480K, 84% used [0x00000000e0000000,0x00000000e45cac68,0x00000000e5280000)
  from space 11264K, 93% used [0x00000000e5280000,0x00000000e5cd5198,0x00000000e5d80000)
  to   space 12800K, 0% used [0x00000000e6d80000,0x00000000e6d80000,0x00000000e7a00000)
 ParOldGen       total 49152K, used 27915K [0x00000000a0000000, 0x00000000a3000000, 0x00000000e0000000)
  object space 49152K, 56% used [0x00000000a0000000,0x00000000a1b42c98,0x00000000a3000000)
 Metaspace       used 57314K, capacity 59068K, committed 59160K, reserved 1099776K
  class space    used 7620K, capacity 8012K, committed 8064K, reserved 1048576K
Event: 54.612 GC heap after
Heap after GC invocations=18 (full 2):
 PSYoungGen      total 109568K, used 12781K [0x00000000e0000000, 0x00000000e7d00000, 0x0000000100000000)
  eden space 96768K, 0% used [0x00000000e0000000,0x00000000e0000000,0x00000000e5e80000)
  from space 12800K, 99% used [0x00000000e6d80000,0x00000000e79fb790,0x00000000e7a00000)
  to   space 15360K, 0% used [0x00000000e5e80000,0x00000000e5e80000,0x00000000e6d80000)
 ParOldGen       total 49152K, used 30290K [0x00000000a0000000, 0x00000000a3000000, 0x00000000e0000000)
  object space 49152K, 61% used [0x00000000a0000000,0x00000000a1d94ba8,0x00000000a3000000)
 Metaspace       used 57314K, capacity 59068K, committed 59160K, reserved 1099776K
  class space    used 7620K, capacity 8012K, committed 8064K, reserved 1048576K
}
Event: 54.612 GC heap before
{Heap before GC invocations=19 (full 3):
 PSYoungGen      total 109568K, used 12781K [0x00000000e0000000, 0x00000000e7d00000, 0x0000000100000000)
  eden space 96768K, 0% used [0x00000000e0000000,0x00000000e0000000,0x00000000e5e80000)
  from space 12800K, 99% used [0x00000000e6d80000,0x00000000e79fb790,0x00000000e7a00000)
  to   space 15360K, 0% used [0x00000000e5e80000,0x00000000e5e80000,0x00000000e6d80000)
 ParOldGen       total 49152K, used 30290K [0x00000000a0000000, 0x00000000a3000000, 0x00000000e0000000)
  object space 49152K, 61% used [0x00000000a0000000,0x00000000a1d94ba8,0x00000000a3000000)
 Metaspace       used 57314K, capacity 59068K, committed 59160K, reserved 1099776K
  class space    used 7620K, capacity 8012K, committed 8064K, reserved 1048576K
Event: 55.178 GC heap after
Heap after GC invocations=19 (full 3):
 PSYoungGen      total 109568K, used 0K [0x00000000e0000000, 0x00000000e7d00000, 0x0000000100000000)
  eden space 96768K, 0% used [0x00000000e0000000,0x00000000e0000000,0x00000000e5e80000)
  from space 12800K, 0% used [0x00000000e6d80000,0x00000000e6d80000,0x00000000e7a00000)
  to   space 15360K, 0% used [0x00000000e5e80000,0x00000000e5e80000,0x00000000e6d80000)
 ParOldGen       total 83456K, used 35068K [0x00000000a0000000, 0x00000000a5180000, 0x00000000e0000000)
  object space 83456K, 42% used [0x00000000a0000000,0x00000000a223f288,0x00000000a5180000)
 Metaspace       used 57314K, capacity 59068K, committed 59160K, reserved 1099776K
  class space    used 7620K, capacity 8012K, committed 8064K, reserved 1048576K
}
Event: 59.607 GC heap before
{Heap before GC invocations=20 (full 3):
 PSYoungGen      total 109568K, used 96768K [0x00000000e0000000, 0x00000000e7d00000, 0x0000000100000000)
  eden space 96768K, 100% used [0x00000000e0000000,0x00000000e5e80000,0x00000000e5e80000)
  from space 12800K, 0% used [0x00000000e6d80000,0x00000000e6d80000,0x00000000e7a00000)
  to   space 15360K, 0% used [0x00000000e5e80000,0x00000000e5e80000,0x00000000e6d80000)
 ParOldGen       total 83456K, used 35068K [0x00000000a0000000, 0x00000000a5180000, 0x00000000e0000000)
  object space 83456K, 42% used [0x00000000a0000000,0x00000000a223f288,0x00000000a5180000)
 Metaspace       used 63962K, capacity 66068K, committed 66176K, reserved 1105920K
  class space    used 8584K, capacity 9048K, committed 9088K, reserved 1048576K
Event: 59.619 GC heap after
Heap after GC invocations=20 (full 3):
 PSYoungGen      total 112128K, used 8754K [0x00000000e0000000, 0x00000000e8500000, 0x0000000100000000)
  eden space 96768K, 0% used [0x00000000e0000000,0x00000000e0000000,0x00000000e5e80000)
  from space 15360K, 56% used [0x00000000e5e80000,0x00000000e670cbd8,0x00000000e6d80000)
  to   space 15360K, 0% used [0x00000000e7600000,0x00000000e7600000,0x00000000e8500000)
 ParOldGen       total 83456K, used 35140K [0x00000000a0000000, 0x00000000a5180000, 0x00000000e0000000)
  object space 83456K, 42% used [0x00000000a0000000,0x00000000a2251298,0x00000000a5180000)
 Metaspace       used 63962K, capacity 66068K, committed 66176K, reserved 1105920K
  class space    used 8584K, capacity 9048K, committed 9088K, reserved 1048576K
}
Event: 61.844 GC heap before
{Heap before GC invocations=21 (full 3):
 PSYoungGen      total 112128K, used 105522K [0x00000000e0000000, 0x00000000e8500000, 0x0000000100000000)
  eden space 96768K, 100% used [0x00000000e0000000,0x00000000e5e80000,0x00000000e5e80000)
  from space 15360K, 56% used [0x00000000e5e80000,0x00000000e670cbd8,0x00000000e6d80000)
  to   space 15360K, 0% used [0x00000000e7600000,0x00000000e7600000,0x00000000e8500000)
 ParOldGen       total 83456K, used 35140K [0x00000000a0000000, 0x00000000a5180000, 0x00000000e0000000)
  object space 83456K, 42% used [0x00000000a0000000,0x00000000a2251298,0x00000000a5180000)
 Metaspace       used 67751K, capacity 70252K, committed 70400K, reserved 1110016K
  class space    used 9136K, capacity 9617K, committed 9728K, reserved 1048576K
Event: 61.864 GC heap after
Heap after GC invocations=21 (full 3):
 PSYoungGen      total 119808K, used 12276K [0x00000000e0000000, 0x00000000e8700000, 0x0000000100000000)
  eden space 104448K, 0% used [0x00000000e0000000,0x00000000e0000000,0x00000000e6600000)
  from space 15360K, 79% used [0x00000000e7600000,0x00000000e81fd250,0x00000000e8500000)
  to   space 16384K, 0% used [0x00000000e6600000,0x00000000e6600000,0x00000000e7600000)
 ParOldGen       total 83456K, used 35148K [0x00000000a0000000, 0x00000000a5180000, 0x00000000e0000000)
  object space 83456K, 42% used [0x00000000a0000000,0x00000000a2253298,0x00000000a5180000)
 Metaspace       used 67751K, capacity 70252K, committed 70400K, reserved 1110016K
  class space    used 9136K, capacity 9617K, committed 9728K, reserved 1048576K
}
Event: 64.863 GC heap before
{Heap before GC invocations=22 (full 3):
 PSYoungGen      total 119808K, used 116724K [0x00000000e0000000, 0x00000000e8700000, 0x0000000100000000)
  eden space 104448K, 100% used [0x00000000e0000000,0x00000000e6600000,0x00000000e6600000)
  from space 15360K, 79% used [0x00000000e7600000,0x00000000e81fd250,0x00000000e8500000)
  to   space 16384K, 0% used [0x00000000e6600000,0x00000000e6600000,0x00000000e7600000)
 ParOldGen       total 83456K, used 35148K [0x00000000a0000000, 0x00000000a5180000, 0x00000000e0000000)
  object space 83456K, 42% used [0x00000000a0000000,0x00000000a2253298,0x00000000a5180000)
 Metaspace       used 72308K, capacity 75284K, committed 75392K, reserved 1114112K
  class space    used 9707K, capacity 10267K, committed 10368K, reserved 1048576K
Event: 64.982 GC heap after
Heap after GC invocations=22 (full 3):
 PSYoungGen      total 120832K, used 16375K [0x00000000e0000000, 0x00000000e9900000, 0x0000000100000000)
  eden space 104448K, 0% used [0x00000000e0000000,0x00000000e0000000,0x00000000e6600000)
  from space 16384K, 99% used [0x00000000e6600000,0x00000000e75fde38,0x00000000e7600000)
  to   space 19968K, 0% used [0x00000000e8580000,0x00000000e8580000,0x00000000e9900000)
 ParOldGen       total 83456K, used 38425K [0x00000000a0000000, 0x00000000a5180000, 0x00000000e0000000)
  object space 83456K, 46% used [0x00000000a0000000,0x00000000a25867a0,0x00000000a5180000)
 Metaspace       used 72308K, capacity 75284K, committed 75392K, reserved 1114112K
  class space    used 9707K, capacity 10267K, committed 10368K, reserved 1048576K
}

